<?xml version="1.0" encoding="UTF-8"?>
<!-- Generated by org.testng.reporters.JUnitReportReporter -->
<testsuite hostname="DESKTOP-KF0OD3I" name="com.test.testng.demo.TestNGDemo" tests="1" failures="0" timestamp="6 Sep 2018 21:05:06 GMT" time="25.584" errors="0">
  <testcase name="verifyHomepageTitle" time="25.584" classname="com.test.testng.demo.TestNGDemo"/>
</testsuite> <!-- com.test.testng.demo.TestNGDemo -->
